<?xml version="1.0" encoding="UTF-8"?>
<!-- Generated by org.testng.reporters.JUnitReportReporter -->
<testsuite hostname="LAKSHMIGANESH" failures="0" tests="1" name="com.ohrm.testcases.Loginpagetest" time="30.628" errors="0" timestamp="2024-07-27T14:33:46 IST" skipped="0">
  <testcase classname="com.ohrm.testcases.Loginpagetest" name="validateLogintest" time="30.628"/>
  <system-out/>
</testsuite> <!-- com.ohrm.testcases.Loginpagetest -->
